[0512/154920.701:ERROR:process_memory_win.cc(73)] ReadMemory at 0x7ff6d90c0000 of 64 bytes failed: Only part of a ReadProcessMemory or WriteProcessMemory request was completed. (0x12B)
[0512/154920.702:WARNING:pe_image_reader.cc(340)] could not read dos header from C:\Program Files (x86)\Google\Chrome\Application\chrome.exe
[0512/154920.702:ERROR:process_memory_win.cc(73)] ReadMemory at 0x7ffd5d260000 of 64 bytes failed: Only part of a ReadProcessMemory or WriteProcessMemory request was completed. (0x12B)
[0512/154920.702:WARNING:pe_image_reader.cc(340)] could not read dos header from C:\WINDOWS\SYSTEM32\ntdll.dll
[0512/154920.702:ERROR:process_memory_win.cc(73)] ReadMemory at 0x7ffd5b310000 of 64 bytes failed: Only part of a ReadProcessMemory or WriteProcessMemory request was completed. (0x12B)
[0512/154920.703:WARNING:pe_image_reader.cc(340)] could not read dos header from C:\WINDOWS\System32\KERNEL32.DLL
[0512/154920.703:ERROR:process_memory_win.cc(73)] ReadMemory at 0x7ffd5a1f0000 of 64 bytes failed: Only part of a ReadProcessMemory or WriteProcessMemory request was completed. (0x12B)
[0512/154920.703:WARNING:pe_image_reader.cc(340)] could not read dos header from C:\WINDOWS\System32\KERNELBASE.dll
[0512/154920.703:ERROR:process_memory_win.cc(73)] ReadMemory at 0x7ffd17ba0000 of 64 bytes failed: Only part of a ReadProcessMemory or WriteProcessMemory request was completed. (0x12B)
[0512/154920.703:WARNING:pe_image_reader.cc(340)] could not read dos header from C:\Program Files (x86)\Google\Chrome\Application\81.0.4044.138\chrome_elf.dll
[0512/154920.703:ERROR:process_memory_win.cc(73)] ReadMemory at 0x7ffd54f50000 of 64 bytes failed: Only part of a ReadProcessMemory or WriteProcessMemory request was completed. (0x12B)
[0512/154920.703:WARNING:pe_image_reader.cc(340)] could not read dos header from C:\WINDOWS\SYSTEM32\VERSION.dll
[0512/154920.703:ERROR:process_memory_win.cc(73)] ReadMemory at 0x7ffd5c0f0000 of 64 bytes failed: Only part of a ReadProcessMemory or WriteProcessMemory request was completed. (0x12B)
[0512/154920.703:WARNING:pe_image_reader.cc(340)] could not read dos header from C:\WINDOWS\System32\msvcrt.dll
[0512/154920.704:ERROR:process_memory_win.cc(73)] ReadMemory at 0x7ffd5afa0000 of 64 bytes failed: Only part of a ReadProcessMemory or WriteProcessMemory request was completed. (0x12B)
[0512/154920.704:WARNING:pe_image_reader.cc(340)] could not read dos header from C:\WINDOWS\System32\bcryptPrimitives.dll
[0512/154920.704:ERROR:process_memory_win.cc(73)] ReadMemory at 0x7ffd5b3f0000 of 64 bytes failed: Only part of a ReadProcessMemory or WriteProcessMemory request was completed. (0x12B)
[0512/154920.704:WARNING:pe_image_reader.cc(340)] could not read dos header from C:\WINDOWS\System32\ADVAPI32.dll
[0512/154920.704:ERROR:process_memory_win.cc(73)] ReadMemory at 0x7ffd5c040000 of 64 bytes failed: Only part of a ReadProcessMemory or WriteProcessMemory request was completed. (0x12B)
[0512/154920.704:WARNING:pe_image_reader.cc(340)] could not read dos header from C:\WINDOWS\System32\sechost.dll
[0512/154920.704:ERROR:process_memory_win.cc(73)] ReadMemory at 0x7ffd5b7d0000 of 64 bytes failed: Only part of a ReadProcessMemory or WriteProcessMemory request was completed. (0x12B)
[0512/154920.704:WARNING:pe_image_reader.cc(340)] could not read dos header from C:\WINDOWS\System32\RPCRT4.dll
[0512/154920.704:ERROR:process_memory_win.cc(73)] ReadMemory at 0x7ffce8e20000 of 64 bytes failed: Only part of a ReadProcessMemory or WriteProcessMemory request was completed. (0x12B)
[0512/154920.704:WARNING:pe_image_reader.cc(340)] could not read dos header from C:\Program Files (x86)\Google\Chrome\Application\81.0.4044.138\chrome.dll
[0512/154920.704:ERROR:process_memory_win.cc(73)] ReadMemory at 0x7ffd5b510000 of 64 bytes failed: Only part of a ReadProcessMemory or WriteProcessMemory request was completed. (0x12B)
[0512/154920.704:WARNING:pe_image_reader.cc(340)] could not read dos header from C:\WINDOWS\System32\WS2_32.dll
[0512/154920.704:ERROR:process_memory_win.cc(73)] ReadMemory at 0x7ffd5b580000 of 64 bytes failed: Only part of a ReadProcessMemory or WriteProcessMemory request was completed. (0x12B)
[0512/154920.704:WARNING:pe_image_reader.cc(340)] could not read dos header from C:\WINDOWS\System32\OLEAUT32.dll
[0512/154920.704:ERROR:process_memory_win.cc(73)] ReadMemory at 0x7ffd5b170000 of 64 bytes failed: Only part of a ReadProcessMemory or WriteProcessMemory request was completed. (0x12B)
[0512/154920.704:WARNING:pe_image_reader.cc(340)] could not read dos header from C:\WINDOWS\System32\msvcp_win.dll
[0512/154920.704:ERROR:process_memory_win.cc(73)] ReadMemory at 0x7ffd5a4d0000 of 64 bytes failed: Only part of a ReadProcessMemory or WriteProcessMemory request was completed. (0x12B)
[0512/154920.704:WARNING:pe_image_reader.cc(340)] could not read dos header from C:\WINDOWS\System32\ucrtbase.dll
[0512/154920.704:ERROR:process_memory_win.cc(73)] ReadMemory at 0x7ffd5c190000 of 64 bytes failed: Only part of a ReadProcessMemory or WriteProcessMemory request was completed. (0x12B)
[0512/154920.704:WARNING:pe_image_reader.cc(340)] could not read dos header from C:\WINDOWS\System32\combase.dll
[0512/154920.704:ERROR:process_memory_win.cc(73)] ReadMemory at 0x7ffd5af20000 of 64 bytes failed: Only part of a ReadProcessMemory or WriteProcessMemory request was completed. (0x12B)
[0512/154920.704:WARNING:pe_image_reader.cc(340)] could not read dos header from C:\WINDOWS\System32\WINTRUST.dll
[0512/154920.704:ERROR:process_memory_win.cc(73)] ReadMemory at 0x7ffd5a150000 of 64 bytes failed: Only part of a ReadProcessMemory or WriteProcessMemory request was completed. (0x12B)
[0512/154920.704:WARNING:pe_image_reader.cc(340)] could not read dos header from C:\WINDOWS\System32\MSASN1.dll
[0512/154920.704:ERROR:process_memory_win.cc(73)] ReadMemory at 0x7ffd5b020000 of 64 bytes failed: Only part of a ReadProcessMemory or WriteProcessMemory request was completed. (0x12B)
[0512/154920.704:WARNING:pe_image_reader.cc(340)] could not read dos header from C:\WINDOWS\System32\CRYPT32.dll
[0512/154920.704:ERROR:process_memory_win.cc(73)] ReadMemory at 0x7ffd596a0000 of 64 bytes failed: Only part of a ReadProcessMemory or WriteProcessMemory request was completed. (0x12B)
[0512/154920.704:WARNING:pe_image_reader.cc(340)] could not read dos header from C:\WINDOWS\SYSTEM32\IPHLPAPI.DLL
[0512/154920.705:ERROR:process_memory_win.cc(73)] ReadMemory at 0x7ffd57a50000 of 64 bytes failed: Only part of a ReadProcessMemory or WriteProcessMemory request was completed. (0x12B)
[0512/154920.705:WARNING:pe_image_reader.cc(340)] could not read dos header from C:\WINDOWS\SYSTEM32\WINMM.dll
[0512/154920.705:ERROR:process_memory_win.cc(73)] ReadMemory at 0x7ffd46f20000 of 64 bytes failed: Only part of a ReadProcessMemory or WriteProcessMemory request was completed. (0x12B)
[0512/154920.705:WARNING:pe_image_reader.cc(340)] could not read dos header from C:\WINDOWS\SYSTEM32\Secur32.dll
[0512/154920.705:ERROR:process_memory_win.cc(73)] ReadMemory at 0x7ffd5a010000 of 64 bytes failed: Only part of a ReadProcessMemory or WriteProcessMemory request was completed. (0x12B)
[0512/154920.705:WARNING:pe_image_reader.cc(340)] could not read dos header from C:\WINDOWS\SYSTEM32\USERENV.dll
[0512/154920.705:ERROR:process_memory_win.cc(73)] ReadMemory at 0x7ffd5a170000 of 64 bytes failed: Only part of a ReadProcessMemory or WriteProcessMemory request was completed. (0x12B)
[0512/154920.705:WARNING:pe_image_reader.cc(340)] could not read dos header from C:\WINDOWS\System32\profapi.dll
[0512/154920.705:ERROR:process_memory_win.cc(73)] ReadMemory at 0x7ffd30c10000 of 64 bytes failed: Only part of a ReadProcessMemory or WriteProcessMemory request was completed. (0x12B)
[0512/154920.705:WARNING:pe_image_reader.cc(340)] could not read dos header from C:\WINDOWS\SYSTEM32\UIAutomationCore.DLL
[0512/154920.705:ERROR:process_memory_win.cc(73)] ReadMemory at 0x7ffd43d20000 of 64 bytes failed: Only part of a ReadProcessMemory or WriteProcessMemory request was completed. (0x12B)
[0512/154920.705:WARNING:pe_image_reader.cc(340)] could not read dos header from C:\WINDOWS\SYSTEM32\DWrite.dll
[0512/154920.705:ERROR:process_memory_win.cc(73)] ReadMemory at 0x7ffd4cec0000 of 64 bytes failed: Only part of a ReadProcessMemory or WriteProcessMemory request was completed. (0x12B)
[0512/154920.705:WARNING:pe_image_reader.cc(340)] could not read dos header from C:\WINDOWS\SYSTEM32\WINSPOOL.DRV
[0512/154920.705:ERROR:process_memory_win.cc(73)] ReadMemory at 0x7ffd5a130000 of 64 bytes failed: Only part of a ReadProcessMemory or WriteProcessMemory request was completed. (0x12B)
[0512/154920.705:WARNING:pe_image_reader.cc(340)] could not read dos header from C:\WINDOWS\System32\kernel.appcore.dll
[0512/154920.705:ERROR:process_memory_win.cc(73)] ReadMemory at 0x7ffd5a4a0000 of 64 bytes failed: Only part of a ReadProcessMemory or WriteProcessMemory request was completed. (0x12B)
[0512/154920.705:WARNING:pe_image_reader.cc(340)] could not read dos header from C:\WINDOWS\System32\bcrypt.dll
[0512/154920.706:ERROR:process_memory_win.cc(73)] ReadMemory at 0x7ffd58a50000 of 64 bytes failed: Only part of a ReadProcessMemory or WriteProcessMemory request was completed. (0x12B)
[0512/154920.706:WARNING:pe_image_reader.cc(340)] could not read dos header from C:\WINDOWS\SYSTEM32\dbghelp.dll
[0512/154920.706:ERROR:process_memory_win.cc(73)] ReadMemory at 0x7ffd53a20000 of 64 bytes failed: Only part of a ReadProcessMemory or WriteProcessMemory request was completed. (0x12B)
[0512/154920.706:WARNING:pe_image_reader.cc(340)] could not read dos header from C:\WINDOWS\SYSTEM32\WINHTTP.dll
[0512/154920.706:ERROR:process_memory_win.cc(73)] ReadMemory at 0x7ffd52b00000 of 64 bytes failed: Only part of a ReadProcessMemory or WriteProcessMemory request was completed. (0x12B)
[0512/154920.706:WARNING:pe_image_reader.cc(340)] could not read dos header from C:\WINDOWS\SYSTEM32\dhcpcsvc.DLL
[0512/154920.706:ERROR:process_memory_win.cc(73)] ReadMemory at 0x7ffd5cc40000 of 64 bytes failed: Only part of a ReadProcessMemory or WriteProcessMemory request was completed. (0x12B)
[0512/154920.706:WARNING:pe_image_reader.cc(340)] could not read dos header from C:\WINDOWS\System32\NSI.dll
[0512/154920.706:ERROR:process_memory_win.cc(73)] ReadMemory at 0x7ffd579f0000 of 64 bytes failed: Only part of a ReadProcessMemory or WriteProcessMemory request was completed. (0x12B)
[0512/154920.706:WARNING:pe_image_reader.cc(340)] could not read dos header from C:\WINDOWS\SYSTEM32\WINMMBASE.dll
[0512/154920.706:ERROR:process_memory_win.cc(73)] ReadMemory at 0x7ffd5b2c0000 of 64 bytes failed: Only part of a ReadProcessMemory or WriteProcessMemory request was completed. (0x12B)
[0512/154920.706:WARNING:pe_image_reader.cc(340)] could not read dos header from C:\WINDOWS\System32\cfgmgr32.dll
[0512/154920.706:ERROR:process_memory_win.cc(73)] ReadMemory at 0x7ffd57cf0000 of 64 bytes failed: Only part of a ReadProcessMemory or WriteProcessMemory request was completed. (0x12B)
[0512/154920.706:WARNING:pe_image_reader.cc(340)] could not read dos header from C:\WINDOWS\SYSTEM32\PROPSYS.dll
[0512/154920.706:ERROR:process_memory_win.cc(73)] ReadMemory at 0x7ffd5c6f0000 of 64 bytes failed: Only part of a ReadProcessMemory or WriteProcessMemory request was completed. (0x12B)
[0512/154920.706:WARNING:pe_image_reader.cc(340)] could not read dos header from C:\WINDOWS\System32\shcore.dll
[0512/154920.706:ERROR:process_memory_win.cc(73)] ReadMemory at 0x7ffd5a040000 of 64 bytes failed: Only part of a ReadProcessMemory or WriteProcessMemory request was completed. (0x12B)
[0512/154920.706:WARNING:pe_image_reader.cc(340)] could not read dos header from C:\WINDOWS\SYSTEM32\SSPICLI.DLL
[0512/154920.706:ERROR:process_memory_win.cc(73)] ReadMemory at 0x7ffd59b60000 of 64 bytes failed: Only part of a ReadProcessMemory or WriteProcessMemory request was completed. (0x12B)
[0512/154920.706:WARNING:pe_image_reader.cc(340)] could not read dos header from C:\WINDOWS\SYSTEM32\CRYPTBASE.DLL
[0512/154920.730:ERROR:process_memory_win.cc(73)] ReadMemory at 0x7ff6d90c0000 of 64 bytes failed: Only part of a ReadProcessMemory or WriteProcessMemory request was completed. (0x12B)
[0512/154920.730:WARNING:pe_image_reader.cc(340)] could not read dos header from C:\Program Files (x86)\Google\Chrome\Application\chrome.exe
[0512/154920.730:ERROR:process_memory_win.cc(73)] ReadMemory at 0x7ffd5d260000 of 64 bytes failed: Only part of a ReadProcessMemory or WriteProcessMemory request was completed. (0x12B)
[0512/154920.730:WARNING:pe_image_reader.cc(340)] could not read dos header from C:\WINDOWS\SYSTEM32\ntdll.dll
[0512/154920.730:ERROR:process_memory_win.cc(73)] ReadMemory at 0x7ffd5b310000 of 64 bytes failed: Only part of a ReadProcessMemory or WriteProcessMemory request was completed. (0x12B)
[0512/154920.730:WARNING:pe_image_reader.cc(340)] could not read dos header from C:\WINDOWS\System32\KERNEL32.DLL
[0512/154920.731:ERROR:process_memory_win.cc(73)] ReadMemory at 0x7ffd5a1f0000 of 64 bytes failed: Only part of a ReadProcessMemory or WriteProcessMemory request was completed. (0x12B)
[0512/154920.731:WARNING:pe_image_reader.cc(340)] could not read dos header from C:\WINDOWS\System32\KERNELBASE.dll
[0512/154920.731:ERROR:process_memory_win.cc(73)] ReadMemory at 0x7ffd17ba0000 of 64 bytes failed: Only part of a ReadProcessMemory or WriteProcessMemory request was completed. (0x12B)
[0512/154920.731:WARNING:pe_image_reader.cc(340)] could not read dos header from C:\Program Files (x86)\Google\Chrome\Application\81.0.4044.138\chrome_elf.dll
[0512/154920.731:ERROR:process_memory_win.cc(73)] ReadMemory at 0x7ffd54f50000 of 64 bytes failed: Only part of a ReadProcessMemory or WriteProcessMemory request was completed. (0x12B)
[0512/154920.731:WARNING:pe_image_reader.cc(340)] could not read dos header from C:\WINDOWS\SYSTEM32\VERSION.dll
[0512/154920.731:ERROR:process_memory_win.cc(73)] ReadMemory at 0x7ffd5c0f0000 of 64 bytes failed: Only part of a ReadProcessMemory or WriteProcessMemory request was completed. (0x12B)
[0512/154920.731:WARNING:pe_image_reader.cc(340)] could not read dos header from C:\WINDOWS\System32\msvcrt.dll
[0512/154920.731:ERROR:process_memory_win.cc(73)] ReadMemory at 0x7ffd5afa0000 of 64 bytes failed: Only part of a ReadProcessMemory or WriteProcessMemory request was completed. (0x12B)
[0512/154920.731:WARNING:pe_image_reader.cc(340)] could not read dos header from C:\WINDOWS\System32\bcryptPrimitives.dll
[0512/154920.732:ERROR:process_memory_win.cc(73)] ReadMemory at 0x7ffd5b3f0000 of 64 bytes failed: Only part of a ReadProcessMemory or WriteProcessMemory request was completed. (0x12B)
[0512/154920.732:WARNING:pe_image_reader.cc(340)] could not read dos header from C:\WINDOWS\System32\ADVAPI32.dll
[0512/154920.732:ERROR:process_memory_win.cc(73)] ReadMemory at 0x7ffd5c040000 of 64 bytes failed: Only part of a ReadProcessMemory or WriteProcessMemory request was completed. (0x12B)
[0512/154920.732:WARNING:pe_image_reader.cc(340)] could not read dos header from C:\WINDOWS\System32\sechost.dll
[0512/154920.732:ERROR:process_memory_win.cc(73)] ReadMemory at 0x7ffd5b7d0000 of 64 bytes failed: Only part of a ReadProcessMemory or WriteProcessMemory request was completed. (0x12B)
[0512/154920.732:WARNING:pe_image_reader.cc(340)] could not read dos header from C:\WINDOWS\System32\RPCRT4.dll
[0512/154920.732:ERROR:process_memory_win.cc(73)] ReadMemory at 0x7ffce8e20000 of 64 bytes failed: Only part of a ReadProcessMemory or WriteProcessMemory request was completed. (0x12B)
[0512/154920.733:WARNING:pe_image_reader.cc(340)] could not read dos header from C:\Program Files (x86)\Google\Chrome\Application\81.0.4044.138\chrome.dll
[0512/154920.733:ERROR:process_memory_win.cc(73)] ReadMemory at 0x7ffd5b510000 of 64 bytes failed: Only part of a ReadProcessMemory or WriteProcessMemory request was completed. (0x12B)
[0512/154920.733:WARNING:pe_image_reader.cc(340)] could not read dos header from C:\WINDOWS\System32\WS2_32.dll
[0512/154920.733:ERROR:process_memory_win.cc(73)] ReadMemory at 0x7ffd5b580000 of 64 bytes failed: Only part of a ReadProcessMemory or WriteProcessMemory request was completed. (0x12B)
[0512/154920.733:WARNING:pe_image_reader.cc(340)] could not read dos header from C:\WINDOWS\System32\OLEAUT32.dll
[0512/154920.733:ERROR:process_memory_win.cc(73)] ReadMemory at 0x7ffd5b170000 of 64 bytes failed: Only part of a ReadProcessMemory or WriteProcessMemory request was completed. (0x12B)
[0512/154920.733:WARNING:pe_image_reader.cc(340)] could not read dos header from C:\WINDOWS\System32\msvcp_win.dll
[0512/154920.733:ERROR:process_memory_win.cc(73)] ReadMemory at 0x7ffd5a4d0000 of 64 bytes failed: Only part of a ReadProcessMemory or WriteProcessMemory request was completed. (0x12B)
[0512/154920.733:WARNING:pe_image_reader.cc(340)] could not read dos header from C:\WINDOWS\System32\ucrtbase.dll
[0512/154920.733:ERROR:process_memory_win.cc(73)] ReadMemory at 0x7ffd5c190000 of 64 bytes failed: Only part of a ReadProcessMemory or WriteProcessMemory request was completed. (0x12B)
[0512/154920.733:WARNING:pe_image_reader.cc(340)] could not read dos header from C:\WINDOWS\System32\combase.dll
[0512/154920.733:ERROR:process_memory_win.cc(73)] ReadMemory at 0x7ffd5af20000 of 64 bytes failed: Only part of a ReadProcessMemory or WriteProcessMemory request was completed. (0x12B)
[0512/154920.733:WARNING:pe_image_reader.cc(340)] could not read dos header from C:\WINDOWS\System32\WINTRUST.dll
[0512/154920.733:ERROR:process_memory_win.cc(73)] ReadMemory at 0x7ffd5a150000 of 64 bytes failed: Only part of a ReadProcessMemory or WriteProcessMemory request was completed. (0x12B)
[0512/154920.733:WARNING:pe_image_reader.cc(340)] could not read dos header from C:\WINDOWS\System32\MSASN1.dll
[0512/154920.733:ERROR:process_memory_win.cc(73)] ReadMemory at 0x7ffd5b020000 of 64 bytes failed: Only part of a ReadProcessMemory or WriteProcessMemory request was completed. (0x12B)
[0512/154920.733:WARNING:pe_image_reader.cc(340)] could not read dos header from C:\WINDOWS\System32\CRYPT32.dll
[0512/154920.734:ERROR:process_memory_win.cc(73)] ReadMemory at 0x7ffd596a0000 of 64 bytes failed: Only part of a ReadProcessMemory or WriteProcessMemory request was completed. (0x12B)
[0512/154920.734:WARNING:pe_image_reader.cc(340)] could not read dos header from C:\WINDOWS\SYSTEM32\IPHLPAPI.DLL
[0512/154920.734:ERROR:process_memory_win.cc(73)] ReadMemory at 0x7ffd57a50000 of 64 bytes failed: Only part of a ReadProcessMemory or WriteProcessMemory request was completed. (0x12B)
[0512/154920.734:WARNING:pe_image_reader.cc(340)] could not read dos header from C:\WINDOWS\SYSTEM32\WINMM.dll
[0512/154920.734:ERROR:process_memory_win.cc(73)] ReadMemory at 0x7ffd46f20000 of 64 bytes failed: Only part of a ReadProcessMemory or WriteProcessMemory request was completed. (0x12B)
[0512/154920.734:WARNING:pe_image_reader.cc(340)] could not read dos header from C:\WINDOWS\SYSTEM32\Secur32.dll
[0512/154920.734:ERROR:process_memory_win.cc(73)] ReadMemory at 0x7ffd5a010000 of 64 bytes failed: Only part of a ReadProcessMemory or WriteProcessMemory request was completed. (0x12B)
[0512/154920.734:WARNING:pe_image_reader.cc(340)] could not read dos header from C:\WINDOWS\SYSTEM32\USERENV.dll
[0512/154920.734:ERROR:process_memory_win.cc(73)] ReadMemory at 0x7ffd5a170000 of 64 bytes failed: Only part of a ReadProcessMemory or WriteProcessMemory request was completed. (0x12B)
[0512/154920.734:WARNING:pe_image_reader.cc(340)] could not read dos header from C:\WINDOWS\System32\profapi.dll
[0512/154920.734:ERROR:process_memory_win.cc(73)] ReadMemory at 0x7ffd30c10000 of 64 bytes failed: Only part of a ReadProcessMemory or WriteProcessMemory request was completed. (0x12B)
[0512/154920.734:WARNING:pe_image_reader.cc(340)] could not read dos header from C:\WINDOWS\SYSTEM32\UIAutomationCore.DLL
[0512/154920.734:ERROR:process_memory_win.cc(73)] ReadMemory at 0x7ffd43d20000 of 64 bytes failed: Only part of a ReadProcessMemory or WriteProcessMemory request was completed. (0x12B)
[0512/154920.734:WARNING:pe_image_reader.cc(340)] could not read dos header from C:\WINDOWS\SYSTEM32\DWrite.dll
[0512/154920.734:ERROR:process_memory_win.cc(73)] ReadMemory at 0x7ffd4cec0000 of 64 bytes failed: Only part of a ReadProcessMemory or WriteProcessMemory request was completed. (0x12B)
[0512/154920.734:WARNING:pe_image_reader.cc(340)] could not read dos header from C:\WINDOWS\SYSTEM32\WINSPOOL.DRV
[0512/154920.734:ERROR:process_memory_win.cc(73)] ReadMemory at 0x7ffd5a130000 of 64 bytes failed: Only part of a ReadProcessMemory or WriteProcessMemory request was completed. (0x12B)
[0512/154920.734:WARNING:pe_image_reader.cc(340)] could not read dos header from C:\WINDOWS\System32\kernel.appcore.dll
[0512/154920.734:ERROR:process_memory_win.cc(73)] ReadMemory at 0x7ffd5a4a0000 of 64 bytes failed: Only part of a ReadProcessMemory or WriteProcessMemory request was completed. (0x12B)
[0512/154920.734:WARNING:pe_image_reader.cc(340)] could not read dos header from C:\WINDOWS\System32\bcrypt.dll
[0512/154920.734:ERROR:process_memory_win.cc(73)] ReadMemory at 0x7ffd58a50000 of 64 bytes failed: Only part of a ReadProcessMemory or WriteProcessMemory request was completed. (0x12B)
[0512/154920.734:WARNING:pe_image_reader.cc(340)] could not read dos header from C:\WINDOWS\SYSTEM32\dbghelp.dll
[0512/154920.734:ERROR:process_memory_win.cc(73)] ReadMemory at 0x7ffd53a20000 of 64 bytes failed: Only part of a ReadProcessMemory or WriteProcessMemory request was completed. (0x12B)
[0512/154920.734:WARNING:pe_image_reader.cc(340)] could not read dos header from C:\WINDOWS\SYSTEM32\WINHTTP.dll
[0512/154920.734:ERROR:process_memory_win.cc(73)] ReadMemory at 0x7ffd52b00000 of 64 bytes failed: Only part of a ReadProcessMemory or WriteProcessMemory request was completed. (0x12B)
[0512/154920.734:WARNING:pe_image_reader.cc(340)] could not read dos header from C:\WINDOWS\SYSTEM32\dhcpcsvc.DLL
[0512/154920.734:ERROR:process_memory_win.cc(73)] ReadMemory at 0x7ffd5cc40000 of 64 bytes failed: Only part of a ReadProcessMemory or WriteProcessMemory request was completed. (0x12B)
[0512/154920.734:WARNING:pe_image_reader.cc(340)] could not read dos header from C:\WINDOWS\System32\NSI.dll
[0512/154920.735:ERROR:process_memory_win.cc(73)] ReadMemory at 0x7ffd579f0000 of 64 bytes failed: Only part of a ReadProcessMemory or WriteProcessMemory request was completed. (0x12B)
[0512/154920.735:WARNING:pe_image_reader.cc(340)] could not read dos header from C:\WINDOWS\SYSTEM32\WINMMBASE.dll
[0512/154920.735:ERROR:process_memory_win.cc(73)] ReadMemory at 0x7ffd5b2c0000 of 64 bytes failed: Only part of a ReadProcessMemory or WriteProcessMemory request was completed. (0x12B)
[0512/154920.735:WARNING:pe_image_reader.cc(340)] could not read dos header from C:\WINDOWS\System32\cfgmgr32.dll
[0512/154920.735:ERROR:process_memory_win.cc(73)] ReadMemory at 0x7ffd57cf0000 of 64 bytes failed: Only part of a ReadProcessMemory or WriteProcessMemory request was completed. (0x12B)
[0512/154920.735:WARNING:pe_image_reader.cc(340)] could not read dos header from C:\WINDOWS\SYSTEM32\PROPSYS.dll
[0512/154920.735:ERROR:process_memory_win.cc(73)] ReadMemory at 0x7ffd5c6f0000 of 64 bytes failed: Only part of a ReadProcessMemory or WriteProcessMemory request was completed. (0x12B)
[0512/154920.735:WARNING:pe_image_reader.cc(340)] could not read dos header from C:\WINDOWS\System32\shcore.dll
[0512/154920.735:ERROR:process_memory_win.cc(73)] ReadMemory at 0x7ffd5a040000 of 64 bytes failed: Only part of a ReadProcessMemory or WriteProcessMemory request was completed. (0x12B)
[0512/154920.735:WARNING:pe_image_reader.cc(340)] could not read dos header from C:\WINDOWS\SYSTEM32\SSPICLI.DLL
[0512/154920.735:ERROR:process_memory_win.cc(73)] ReadMemory at 0x7ffd59b60000 of 64 bytes failed: Only part of a ReadProcessMemory or WriteProcessMemory request was completed. (0x12B)
[0512/154920.735:WARNING:pe_image_reader.cc(340)] could not read dos header from C:\WINDOWS\SYSTEM32\CRYPTBASE.DLL
[0512/154920.735:ERROR:process_memory_win.cc(73)] ReadMemory at 0x7ff6d90c0000 of 64 bytes failed: Only part of a ReadProcessMemory or WriteProcessMemory request was completed. (0x12B)
[0512/154920.735:WARNING:pe_image_reader.cc(340)] could not read dos header from C:\Program Files (x86)\Google\Chrome\Application\chrome.exe
[0512/154920.735:ERROR:process_memory_win.cc(73)] ReadMemory at 0x7ffd5d260000 of 64 bytes failed: Only part of a ReadProcessMemory or WriteProcessMemory request was completed. (0x12B)
[0512/154920.735:WARNING:pe_image_reader.cc(340)] could not read dos header from C:\WINDOWS\SYSTEM32\ntdll.dll
[0512/154920.735:ERROR:process_memory_win.cc(73)] ReadMemory at 0x7ffd5b310000 of 64 bytes failed: Only part of a ReadProcessMemory or WriteProcessMemory request was completed. (0x12B)
[0512/154920.735:WARNING:pe_image_reader.cc(340)] could not read dos header from C:\WINDOWS\System32\KERNEL32.DLL
[0512/154920.735:ERROR:process_memory_win.cc(73)] ReadMemory at 0x7ffd5a1f0000 of 64 bytes failed: Only part of a ReadProcessMemory or WriteProcessMemory request was completed. (0x12B)
[0512/154920.735:WARNING:pe_image_reader.cc(340)] could not read dos header from C:\WINDOWS\System32\KERNELBASE.dll
[0512/154920.735:ERROR:process_memory_win.cc(73)] ReadMemory at 0x7ffd17ba0000 of 64 bytes failed: Only part of a ReadProcessMemory or WriteProcessMemory request was completed. (0x12B)
[0512/154920.735:WARNING:pe_image_reader.cc(340)] could not read dos header from C:\Program Files (x86)\Google\Chrome\Application\81.0.4044.138\chrome_elf.dll
[0512/154920.735:ERROR:process_memory_win.cc(73)] ReadMemory at 0x7ffd54f50000 of 64 bytes failed: Only part of a ReadProcessMemory or WriteProcessMemory request was completed. (0x12B)
[0512/154920.735:WARNING:pe_image_reader.cc(340)] could not read dos header from C:\WINDOWS\SYSTEM32\VERSION.dll
[0512/154920.735:ERROR:process_memory_win.cc(73)] ReadMemory at 0x7ffd5c0f0000 of 64 bytes failed: Only part of a ReadProcessMemory or WriteProcessMemory request was completed. (0x12B)
[0512/154920.735:WARNING:pe_image_reader.cc(340)] could not read dos header from C:\WINDOWS\System32\msvcrt.dll
[0512/154920.736:ERROR:process_memory_win.cc(73)] ReadMemory at 0x7ffd5afa0000 of 64 bytes failed: Only part of a ReadProcessMemory or WriteProcessMemory request was completed. (0x12B)
[0512/154920.736:WARNING:pe_image_reader.cc(340)] could not read dos header from C:\WINDOWS\System32\bcryptPrimitives.dll
[0512/154920.736:ERROR:process_memory_win.cc(73)] ReadMemory at 0x7ffd5b3f0000 of 64 bytes failed: Only part of a ReadProcessMemory or WriteProcessMemory request was completed. (0x12B)
[0512/154920.736:WARNING:pe_image_reader.cc(340)] could not read dos header from C:\WINDOWS\System32\ADVAPI32.dll
[0512/154920.736:ERROR:process_memory_win.cc(73)] ReadMemory at 0x7ffd5c040000 of 64 bytes failed: Only part of a ReadProcessMemory or WriteProcessMemory request was completed. (0x12B)
[0512/154920.736:WARNING:pe_image_reader.cc(340)] could not read dos header from C:\WINDOWS\System32\sechost.dll
[0512/154920.736:ERROR:process_memory_win.cc(73)] ReadMemory at 0x7ffd5b7d0000 of 64 bytes failed: Only part of a ReadProcessMemory or WriteProcessMemory request was completed. (0x12B)
[0512/154920.736:WARNING:pe_image_reader.cc(340)] could not read dos header from C:\WINDOWS\System32\RPCRT4.dll
[0512/154920.736:ERROR:process_memory_win.cc(73)] ReadMemory at 0x7ffce8e20000 of 64 bytes failed: Only part of a ReadProcessMemory or WriteProcessMemory request was completed. (0x12B)
[0512/154920.736:WARNING:pe_image_reader.cc(340)] could not read dos header from C:\Program Files (x86)\Google\Chrome\Application\81.0.4044.138\chrome.dll
[0512/154920.736:ERROR:process_memory_win.cc(73)] ReadMemory at 0x7ffd5b510000 of 64 bytes failed: Only part of a ReadProcessMemory or WriteProcessMemory request was completed. (0x12B)
[0512/154920.736:WARNING:pe_image_reader.cc(340)] could not read dos header from C:\WINDOWS\System32\WS2_32.dll
[0512/154920.736:ERROR:process_memory_win.cc(73)] ReadMemory at 0x7ffd5b580000 of 64 bytes failed: Only part of a ReadProcessMemory or WriteProcessMemory request was completed. (0x12B)
[0512/154920.736:WARNING:pe_image_reader.cc(340)] could not read dos header from C:\WINDOWS\System32\OLEAUT32.dll
[0512/154920.736:ERROR:process_memory_win.cc(73)] ReadMemory at 0x7ffd5b170000 of 64 bytes failed: Only part of a ReadProcessMemory or WriteProcessMemory request was completed. (0x12B)
[0512/154920.736:WARNING:pe_image_reader.cc(340)] could not read dos header from C:\WINDOWS\System32\msvcp_win.dll
[0512/154920.736:ERROR:process_memory_win.cc(73)] ReadMemory at 0x7ffd5a4d0000 of 64 bytes failed: Only part of a ReadProcessMemory or WriteProcessMemory request was completed. (0x12B)
[0512/154920.736:WARNING:pe_image_reader.cc(340)] could not read dos header from C:\WINDOWS\System32\ucrtbase.dll
[0512/154920.736:ERROR:process_memory_win.cc(73)] ReadMemory at 0x7ffd5c190000 of 64 bytes failed: Only part of a ReadProcessMemory or WriteProcessMemory request was completed. (0x12B)
[0512/154920.736:WARNING:pe_image_reader.cc(340)] could not read dos header from C:\WINDOWS\System32\combase.dll
[0512/154920.736:ERROR:process_memory_win.cc(73)] ReadMemory at 0x7ffd5af20000 of 64 bytes failed: Only part of a ReadProcessMemory or WriteProcessMemory request was completed. (0x12B)
[0512/154920.736:WARNING:pe_image_reader.cc(340)] could not read dos header from C:\WINDOWS\System32\WINTRUST.dll
[0512/154920.736:ERROR:process_memory_win.cc(73)] ReadMemory at 0x7ffd5a150000 of 64 bytes failed: Only part of a ReadProcessMemory or WriteProcessMemory request was completed. (0x12B)
[0512/154920.736:WARNING:pe_image_reader.cc(340)] could not read dos header from C:\WINDOWS\System32\MSASN1.dll
[0512/154920.736:ERROR:process_memory_win.cc(73)] ReadMemory at 0x7ffd5b020000 of 64 bytes failed: Only part of a ReadProcessMemory or WriteProcessMemory request was completed. (0x12B)
[0512/154920.737:WARNING:pe_image_reader.cc(340)] could not read dos header from C:\WINDOWS\System32\CRYPT32.dll
[0512/154920.737:ERROR:process_memory_win.cc(73)] ReadMemory at 0x7ffd596a0000 of 64 bytes failed: Only part of a ReadProcessMemory or WriteProcessMemory request was completed. (0x12B)
[0512/154920.737:WARNING:pe_image_reader.cc(340)] could not read dos header from C:\WINDOWS\SYSTEM32\IPHLPAPI.DLL
[0512/154920.737:ERROR:process_memory_win.cc(73)] ReadMemory at 0x7ffd57a50000 of 64 bytes failed: Only part of a ReadProcessMemory or WriteProcessMemory request was completed. (0x12B)
[0512/154920.737:WARNING:pe_image_reader.cc(340)] could not read dos header from C:\WINDOWS\SYSTEM32\WINMM.dll
[0512/154920.737:ERROR:process_memory_win.cc(73)] ReadMemory at 0x7ffd46f20000 of 64 bytes failed: Only part of a ReadProcessMemory or WriteProcessMemory request was completed. (0x12B)
[0512/154920.737:WARNING:pe_image_reader.cc(340)] could not read dos header from C:\WINDOWS\SYSTEM32\Secur32.dll
[0512/154920.737:ERROR:process_memory_win.cc(73)] ReadMemory at 0x7ffd5a010000 of 64 bytes failed: Only part of a ReadProcessMemory or WriteProcessMemory request was completed. (0x12B)
[0512/154920.737:WARNING:pe_image_reader.cc(340)] could not read dos header from C:\WINDOWS\SYSTEM32\USERENV.dll
[0512/154920.737:ERROR:process_memory_win.cc(73)] ReadMemory at 0x7ffd5a170000 of 64 bytes failed: Only part of a ReadProcessMemory or WriteProcessMemory request was completed. (0x12B)
[0512/154920.737:WARNING:pe_image_reader.cc(340)] could not read dos header from C:\WINDOWS\System32\profapi.dll
[0512/154920.737:ERROR:process_memory_win.cc(73)] ReadMemory at 0x7ffd30c10000 of 64 bytes failed: Only part of a ReadProcessMemory or WriteProcessMemory request was completed. (0x12B)
[0512/154920.737:WARNING:pe_image_reader.cc(340)] could not read dos header from C:\WINDOWS\SYSTEM32\UIAutomationCore.DLL
[0512/154920.737:ERROR:process_memory_win.cc(73)] ReadMemory at 0x7ffd43d20000 of 64 bytes failed: Only part of a ReadProcessMemory or WriteProcessMemory request was completed. (0x12B)
[0512/154920.737:WARNING:pe_image_reader.cc(340)] could not read dos header from C:\WINDOWS\SYSTEM32\DWrite.dll
[0512/154920.737:ERROR:process_memory_win.cc(73)] ReadMemory at 0x7ffd4cec0000 of 64 bytes failed: Only part of a ReadProcessMemory or WriteProcessMemory request was completed. (0x12B)
[0512/154920.737:WARNING:pe_image_reader.cc(340)] could not read dos header from C:\WINDOWS\SYSTEM32\WINSPOOL.DRV
[0512/154920.738:ERROR:process_memory_win.cc(73)] ReadMemory at 0x7ffd5a130000 of 64 bytes failed: Only part of a ReadProcessMemory or WriteProcessMemory request was completed. (0x12B)
[0512/154920.738:WARNING:pe_image_reader.cc(340)] could not read dos header from C:\WINDOWS\System32\kernel.appcore.dll
[0512/154920.738:ERROR:process_memory_win.cc(73)] ReadMemory at 0x7ffd5a4a0000 of 64 bytes failed: Only part of a ReadProcessMemory or WriteProcessMemory request was completed. (0x12B)
[0512/154920.738:WARNING:pe_image_reader.cc(340)] could not read dos header from C:\WINDOWS\System32\bcrypt.dll
[0512/154920.738:ERROR:process_memory_win.cc(73)] ReadMemory at 0x7ffd58a50000 of 64 bytes failed: Only part of a ReadProcessMemory or WriteProcessMemory request was completed. (0x12B)
[0512/154920.738:WARNING:pe_image_reader.cc(340)] could not read dos header from C:\WINDOWS\SYSTEM32\dbghelp.dll
[0512/154920.738:ERROR:process_memory_win.cc(73)] ReadMemory at 0x7ffd53a20000 of 64 bytes failed: Only part of a ReadProcessMemory or WriteProcessMemory request was completed. (0x12B)
[0512/154920.738:WARNING:pe_image_reader.cc(340)] could not read dos header from C:\WINDOWS\SYSTEM32\WINHTTP.dll
[0512/154920.738:ERROR:process_memory_win.cc(73)] ReadMemory at 0x7ffd52b00000 of 64 bytes failed: Only part of a ReadProcessMemory or WriteProcessMemory request was completed. (0x12B)
[0512/154920.738:WARNING:pe_image_reader.cc(340)] could not read dos header from C:\WINDOWS\SYSTEM32\dhcpcsvc.DLL
[0512/154920.738:ERROR:process_memory_win.cc(73)] ReadMemory at 0x7ffd5cc40000 of 64 bytes failed: Only part of a ReadProcessMemory or WriteProcessMemory request was completed. (0x12B)
[0512/154920.738:WARNING:pe_image_reader.cc(340)] could not read dos header from C:\WINDOWS\System32\NSI.dll
[0512/154920.738:ERROR:process_memory_win.cc(73)] ReadMemory at 0x7ffd579f0000 of 64 bytes failed: Only part of a ReadProcessMemory or WriteProcessMemory request was completed. (0x12B)
[0512/154920.738:WARNING:pe_image_reader.cc(340)] could not read dos header from C:\WINDOWS\SYSTEM32\WINMMBASE.dll
[0512/154920.738:ERROR:process_memory_win.cc(73)] ReadMemory at 0x7ffd5b2c0000 of 64 bytes failed: Only part of a ReadProcessMemory or WriteProcessMemory request was completed. (0x12B)
[0512/154920.738:WARNING:pe_image_reader.cc(340)] could not read dos header from C:\WINDOWS\System32\cfgmgr32.dll
[0512/154920.738:ERROR:process_memory_win.cc(73)] ReadMemory at 0x7ffd57cf0000 of 64 bytes failed: Only part of a ReadProcessMemory or WriteProcessMemory request was completed. (0x12B)
[0512/154920.738:WARNING:pe_image_reader.cc(340)] could not read dos header from C:\WINDOWS\SYSTEM32\PROPSYS.dll
[0512/154920.738:ERROR:process_memory_win.cc(73)] ReadMemory at 0x7ffd5c6f0000 of 64 bytes failed: Only part of a ReadProcessMemory or WriteProcessMemory request was completed. (0x12B)
[0512/154920.738:WARNING:pe_image_reader.cc(340)] could not read dos header from C:\WINDOWS\System32\shcore.dll
[0512/154920.738:ERROR:process_memory_win.cc(73)] ReadMemory at 0x7ffd5a040000 of 64 bytes failed: Only part of a ReadProcessMemory or WriteProcessMemory request was completed. (0x12B)
[0512/154920.738:WARNING:pe_image_reader.cc(340)] could not read dos header from C:\WINDOWS\SYSTEM32\SSPICLI.DLL
[0512/154920.738:ERROR:process_memory_win.cc(73)] ReadMemory at 0x7ffd59b60000 of 64 bytes failed: Only part of a ReadProcessMemory or WriteProcessMemory request was completed. (0x12B)
[0512/154920.738:WARNING:pe_image_reader.cc(340)] could not read dos header from C:\WINDOWS\SYSTEM32\CRYPTBASE.DLL
